Using pre-set license
Built from '2020.3/staging' branch; Version is '2020.3.26f1 (7298b473bc1a) revision 7510196'; Using compiler version '192528614'; Build Type 'Release'
OS: 'Windows 11  (10.0.22000) 64bit Professional' Language: 'en' Physical Memory: 8063 MB
BatchMode: 1, IsHumanControllingUs: 0, StartBugReporterOnCrash: 0, Is64bit: 1, IsPro: 0

COMMAND LINE ARGUMENTS:
D:\Unity_versions\2020.3.26f1\Editor\Unity.exe
-adb2
-batchMode
-noUpm
-name
AssetImportWorker1
-projectPath
D:/Unity_projects/PreGameJam Practice
-logFile
Logs/AssetImportWorker1.log
-srvPort
62318
Successfully changed project path to: D:/Unity_projects/PreGameJam Practice
D:/Unity_projects/PreGameJam Practice
Using Asset Import Pipeline V2.
Refreshing native plugins compatible for Editor in 51.11 ms, found 3 plugins.
Preloading 0 native plugins for Editor in 0.00 ms.
Initialize engine version: 2020.3.26f1 (7298b473bc1a)
[Subsystems] Discovering subsystems at path D:/Unity_versions/2020.3.26f1/Editor/Data/Resources/UnitySubsystems
[Subsystems] Discovering subsystems at path D:/Unity_projects/PreGameJam Practice/Assets
GfxDevice: creating device client; threaded=0
Direct3D:
    Version:  Direct3D 11.0 [level 11.1]
    Renderer: Intel(R) UHD Graphics 630 (ID=0x3e92)
    Vendor:   
    VRAM:     4031 MB
    Driver:   30.0.101.1121
Initialize mono
Mono path[0] = 'D:/Unity_versions/2020.3.26f1/Editor/Data/Managed'
Mono path[1] = 'D:/Unity_versions/2020.3.26f1/Editor/Data/MonoBleedingEdge/lib/mono/unityjit'
Mono config path = 'D:/Unity_versions/2020.3.26f1/Editor/Data/MonoBleedingEdge/etc'
Using monoOptions --debugger-agent=transport=dt_socket,embedding=1,server=y,suspend=n,address=127.0.0.1:56508
Begin MonoManager ReloadAssembly
Registering precompiled unity dll's ...
Register platform support module: D:/Unity_versions/2020.3.26f1/Editor/Data/PlaybackEngines/WindowsStandaloneSupport/UnityEditor.WindowsStandalone.Extensions.dll
Registered in 0.000807 seconds.
Native extension for WindowsStandalone target not found
Refreshing native plugins compatible for Editor in 44.53 ms, found 3 plugins.
Preloading 0 native plugins for Editor in 0.00 ms.
Mono: successfully reloaded assembly
- Completed reload, in  0.501 seconds
Domain Reload Profiling:
	ReloadAssembly (502ms)
		BeginReloadAssembly (49ms)
			ExecutionOrderSort (0ms)
			DisableScriptedObjects (0ms)
			BackupInstance (0ms)
			ReleaseScriptingObjects (0ms)
			CreateAndSetChildDomain (1ms)
		EndReloadAssembly (394ms)
			LoadAssemblies (48ms)
			RebuildTransferFunctionScriptingTraits (0ms)
			SetupTypeCache (140ms)
			ReleaseScriptCaches (0ms)
			RebuildScriptCaches (25ms)
			SetupLoadedEditorAssemblies (150ms)
				LogAssemblyErrors (0ms)
				InitializePlatformSupportModulesInManaged (4ms)
				SetLoadedEditorAssemblies (0ms)
				RefreshPlugins (45ms)
				BeforeProcessingInitializeOnLoad (10ms)
				ProcessInitializeOnLoadAttributes (69ms)
				ProcessInitializeOnLoadMethodAttributes (23ms)
				AfterProcessingInitializeOnLoad (0ms)
				EditorAssembliesLoaded (0ms)
			ExecutionOrderSort2 (0ms)
			AwakeInstancesAfterBackupRestoration (0ms)
Platform modules already initialized, skipping
Registering precompiled user dll's ...
Registered in 0.003140 seconds.
Begin MonoManager ReloadAssembly
Native extension for WindowsStandalone target not found
Refreshing native plugins compatible for Editor in 45.61 ms, found 3 plugins.
Preloading 0 native plugins for Editor in 0.00 ms.
Mono: successfully reloaded assembly
- Completed reload, in  0.953 seconds
Domain Reload Profiling:
	ReloadAssembly (954ms)
		BeginReloadAssembly (123ms)
			ExecutionOrderSort (0ms)
			DisableScriptedObjects (4ms)
			BackupInstance (0ms)
			ReleaseScriptingObjects (0ms)
			CreateAndSetChildDomain (17ms)
		EndReloadAssembly (783ms)
			LoadAssemblies (79ms)
			RebuildTransferFunctionScriptingTraits (0ms)
			SetupTypeCache (270ms)
			ReleaseScriptCaches (0ms)
			RebuildScriptCaches (41ms)
			SetupLoadedEditorAssemblies (296ms)
				LogAssemblyErrors (0ms)
				InitializePlatformSupportModulesInManaged (3ms)
				SetLoadedEditorAssemblies (0ms)
				RefreshPlugins (46ms)
				BeforeProcessingInitializeOnLoad (61ms)
				ProcessInitializeOnLoadAttributes (171ms)
				ProcessInitializeOnLoadMethodAttributes (13ms)
				AfterProcessingInitializeOnLoad (2ms)
				EditorAssembliesLoaded (0ms)
			ExecutionOrderSort2 (0ms)
			AwakeInstancesAfterBackupRestoration (5ms)
Platform modules already initialized, skipping
========================================================================
Worker process is ready to serve import requests
Launched and connected shader compiler UnityShaderCompiler.exe after 0.08 seconds
Refreshing native plugins compatible for Editor in 0.51 ms, found 3 plugins.
Preloading 0 native plugins for Editor in 0.00 ms.
Unloading 2372 Unused Serialized files (Serialized files now loaded: 0)
System memory in use before: 108.9 MB.
System memory in use after: 109.1 MB.

Unloading 28 unused Assets to reduce memory usage. Loaded Objects now: 2808.
Total: 2.790800 ms (FindLiveObjects: 0.182700 ms CreateObjectMapping: 0.098500 ms MarkObjects: 2.403600 ms  DeleteObjects: 0.105000 ms)

AssetImportParameters requested are different than current active one (requested -> active):
  custom:framework-win-MediaFoundation: 216162199b28c13a410421893ffa2e32 -> 
  custom:video-decoder-ogg-theora: a1e56fd34408186e4bbccfd4996cb3dc -> 
  custom:container-muxer-webm: aa71ff27fc2769a1b78a27578f13a17b -> 
  custom:container-demuxer-webm: 4f35f7cbe854078d1ac9338744f61a02 -> 
  custom:container-demuxer-ogg: 62fdf1f143b41e24485cea50d1cbac27 -> 
  custom:video-encoder-webm-vp8: eb34c28f22e8b96e1ab97ce403110664 -> 
  custom:video-decoder-webm-vp8: 9c59270c3fd7afecdb556c50c9e8de78 -> 
  custom:audio-decoder-ogg-vorbis: bf7c407c2cedff20999df2af8eb42d56 -> 
  custom:audio-encoder-webm-vorbis: bf7c407c2cedff20999df2af8eb42d56 -> 
========================================================================
Received Import Request.
  path: Assets/Hiteffect-removebg-preview.png
  artifactKey: Guid(eb3cfe452e8f3bc46814467c65a69428) Importer(815301076,1909f56bfc062723c751e8b465ee728b)
Start importing Assets/Hiteffect-removebg-preview.png using Guid(eb3cfe452e8f3bc46814467c65a69428) Importer(815301076,1909f56bfc062723c751e8b465ee728b)  -> (artifact id: 'b482e1ee8f98a9a50ac383a6e8294c6d') in 1.250299 seconds 
  Import took 1.253405 seconds .

========================================================================
Received Import Request.
  Time since last request: 0.000323 seconds.
  path: Assets/Main Camera Profile.asset
  artifactKey: Guid(a2c5621595413ca4a81d437f1d534aff) Importer(815301076,1909f56bfc062723c751e8b465ee728b)
Start importing Assets/Main Camera Profile.asset using Guid(a2c5621595413ca4a81d437f1d534aff) Importer(815301076,1909f56bfc062723c751e8b465ee728b)  -> (artifact id: '6228b3ccb17a2183499376f8a5ae7753') in 0.022858 seconds 
  Import took 0.025665 seconds .

========================================================================
Received Import Request.
  Time since last request: 0.000327 seconds.
  path: Assets/Bullet.png
  artifactKey: Guid(504aa0b0c42b20340958d2dedff60812) Importer(815301076,1909f56bfc062723c751e8b465ee728b)
Start importing Assets/Bullet.png using Guid(504aa0b0c42b20340958d2dedff60812) Importer(815301076,1909f56bfc062723c751e8b465ee728b)  -> (artifact id: 'e1f53f11450100b5c41f936a590e78e5') in 0.009074 seconds 
  Import took 0.011924 seconds .

========================================================================
Received Import Request.
  Time since last request: 0.000330 seconds.
  path: Assets/Readme.asset
  artifactKey: Guid(83c2ed844a8c74b779a4c823d16594b1) Importer(815301076,1909f56bfc062723c751e8b465ee728b)
Start importing Assets/Readme.asset using Guid(83c2ed844a8c74b779a4c823d16594b1) Importer(815301076,1909f56bfc062723c751e8b465ee728b)  -> (artifact id: '7354b5bdcad694109f999d8667be3d4b') in 0.002267 seconds 
  Import took 0.004986 seconds .

========================================================================
Received Import Request.
  Time since last request: 142.459617 seconds.
  path: Assets/BulletController.cs
  artifactKey: Guid(427e4c94cdb6f364aa6a5b622f525a6e) Importer(815301076,1909f56bfc062723c751e8b465ee728b)
Start importing Assets/BulletController.cs using Guid(427e4c94cdb6f364aa6a5b622f525a6e) Importer(815301076,1909f56bfc062723c751e8b465ee728b)  -> (artifact id: '6669dfc944677bd4aea770775c0556c8') in 0.012674 seconds 
  Import took 0.016272 seconds .

AssetImportWorkerClient::OnTransportError - code=2 error=End of file
